<?xml version="1.0" encoding="UTF-8"?>
<!-- Generated by org.testng.reporters.JUnitReportReporter -->
<testsuite hostname="selenium" failures="0" tests="2" name="com.ejemplo.selenium.Testa" time="19.373" errors="0" timestamp="3 Oct 2025 11:20:35 GMT">
  <testcase classname="com.ejemplo.selenium.Testa" name="testUno" time="7.680"/>
  <testcase classname="com.ejemplo.selenium.Testa" name="testUno" time="11.693"/>
</testsuite> <!-- com.ejemplo.selenium.Testa -->
